# JRE version: OpenJDK Runtime Environment Corretto-17.0.5.8.1 (17.0.5+8) (build 17.0.5+8-LTS)
# Java VM: OpenJDK 64-Bit Server VM Corretto-17.0.5.8.1 (17.0.5+8-LTS, mixed mode, sharing, tiered, compressed oops, compressed class ptrs, g1 gc, windows-amd64)
GC Precious Log:
 CPUs: 8 total, 8 available
 Memory: 7880M
 Large Page Support: Disabled
 NUMA Support: Disabled
 Compressed Oops: Enabled (32-bit)
 Heap Region Size: 1M
 Heap Min Capacity: 256M
 Heap Initial Capacity: 256M
 Heap Max Capacity: 512M
 Pre-touch: Disabled
 Parallel Workers: 8
 Concurrent Workers: 2
 Concurrent Refinement Workers: 8
 Periodic GC: Disabled
Heap:
 garbage-first heap   total 262144K, used 136591K [0x00000000e0000000, 0x0000000100000000)
  region size 1024K, 93 young (95232K), 6 survivors (6144K)
 Metaspace       used 70849K, committed 71424K, reserved 278528K
  class space    used 9577K, committed 9856K, reserved 212992K
GC Heap History (14 events):
Event: 0.837 GC heap before
{Heap before GC invocations=0 (full 0):
 garbage-first heap   total 262144K, used 28672K [0x00000000e0000000, 0x0000000100000000)
  region size 1024K, 23 young (23552K), 0 survivors (0K)
 Metaspace       used 2971K, committed 3136K, reserved 221184K
  class space    used 380K, committed 448K, reserved 212992K
}
Event: 0.842 GC heap after
{Heap after GC invocations=1 (full 0):
 garbage-first heap   total 262144K, used 9193K [0x00000000e0000000, 0x0000000100000000)
  region size 1024K, 3 young (3072K), 3 survivors (3072K)
 Metaspace       used 2971K, committed 3136K, reserved 221184K
  class space    used 380K, committed 448K, reserved 212992K
}
Event: 1.329 GC heap before
{Heap before GC invocations=1 (full 0):
 garbage-first heap   total 262144K, used 36841K [0x00000000e0000000, 0x0000000100000000)
  region size 1024K, 30 young (30720K), 3 survivors (3072K)
 Metaspace       used 3893K, committed 4096K, reserved 221184K
  class space    used 477K, committed 576K, reserved 212992K
}
Event: 1.334 GC heap after
{Heap after GC invocations=2 (full 0):
 garbage-first heap   total 262144K, used 13233K [0x00000000e0000000, 0x0000000100000000)
  region size 1024K, 4 young (4096K), 4 survivors (4096K)
 Metaspace       used 3893K, committed 4096K, reserved 221184K
  class space    used 477K, committed 576K, reserved 212992K
}
Event: 3.788 GC heap before
{Heap before GC invocations=2 (full 0):
 garbage-first heap   total 262144K, used 113585K [0x00000000e0000000, 0x0000000100000000)
  region size 1024K, 103 young (105472K), 4 survivors (4096K)
 Metaspace       used 21206K, committed 21504K, reserved 237568K
  class space    used 3179K, committed 3328K, reserved 212992K
}
Event: 3.799 GC heap after
{Heap after GC invocations=3 (full 0):
 garbage-first heap   total 262144K, used 20814K [0x00000000e0000000, 0x0000000100000000)
  region size 1024K, 12 young (12288K), 12 survivors (12288K)
 Metaspace       used 21206K, committed 21504K, reserved 237568K
  class space    used 3179K, committed 3328K, reserved 212992K
}
Event: 5.734 GC heap before
{Heap before GC invocations=4 (full 0):
 garbage-first heap   total 262144K, used 151886K [0x00000000e0000000, 0x0000000100000000)
  region size 1024K, 138 young (141312K), 12 survivors (12288K)
 Metaspace       used 33514K, committed 33920K, reserved 245760K
  class space    used 4688K, committed 4864K, reserved 212992K
}
Event: 5.755 GC heap after
{Heap after GC invocations=5 (full 0):
 garbage-first heap   total 262144K, used 30915K [0x00000000e0000000, 0x0000000100000000)
  region size 1024K, 18 young (18432K), 18 survivors (18432K)
 Metaspace       used 33514K, committed 33920K, reserved 245760K
  class space    used 4688K, committed 4864K, reserved 212992K
}
Event: 6.244 GC heap before
{Heap before GC invocations=5 (full 0):
 garbage-first heap   total 262144K, used 56515K [0x00000000e0000000, 0x0000000100000000)
  region size 1024K, 44 young (45056K), 18 survivors (18432K)
 Metaspace       used 35709K, committed 35968K, reserved 245760K
  class space    used 4927K, committed 5056K, reserved 212992K
}
Event: 6.259 GC heap after
{Heap after GC invocations=6 (full 0):
 garbage-first heap   total 262144K, used 32636K [0x00000000e0000000, 0x0000000100000000)
  region size 1024K, 13 young (13312K), 13 survivors (13312K)
 Metaspace       used 35709K, committed 35968K, reserved 245760K
  class space    used 4927K, committed 5056K, reserved 212992K
}
Event: 9.505 GC heap before
{Heap before GC invocations=7 (full 0):
 garbage-first heap   total 262144K, used 177020K [0x00000000e0000000, 0x0000000100000000)
  region size 1024K, 153 young (156672K), 13 survivors (13312K)
 Metaspace       used 49033K, committed 49472K, reserved 262144K
  class space    used 6898K, committed 7104K, reserved 212992K
}
Event: 9.530 GC heap after
{Heap after GC invocations=8 (full 0):
 garbage-first heap   total 262144K, used 43907K [0x00000000e0000000, 0x0000000100000000)
  region size 1024K, 14 young (14336K), 14 survivors (14336K)
 Metaspace       used 49033K, committed 49472K, reserved 262144K
  class space    used 6898K, committed 7104K, reserved 212992K
}
Event: 12.126 GC heap before
{Heap before GC invocations=8 (full 0):
 garbage-first heap   total 262144K, used 94083K [0x00000000e0000000, 0x0000000100000000)
  region size 1024K, 64 young (65536K), 14 survivors (14336K)
 Metaspace       used 59672K, committed 60160K, reserved 270336K
  class space    used 8239K, committed 8448K, reserved 212992K
}
Event: 12.143 GC heap after
{Heap after GC invocations=9 (full 0):
 garbage-first heap   total 262144K, used 49551K [0x00000000e0000000, 0x0000000100000000)
  region size 1024K, 6 young (6144K), 6 survivors (6144K)
 Metaspace       used 59672K, committed 60160K, reserved 270336K
  class space    used 8239K, committed 8448K, reserved 212992K
}

